0 info it worked if it ends with ok
1 verbose cli [ '/usr/bin/nodejs', '/usr/bin/npm', 'install' ]
2 info using npm@3.5.2
3 info using node@v4.7.2
4 silly loadCurrentTree Starting
5 silly install loadCurrentTree
6 silly install readLocalPackageData
7 silly install normalizeTree
8 silly loadCurrentTree Finishing
9 silly loadIdealTree Starting
10 silly install loadIdealTree
11 silly cloneCurrentTree Starting
12 silly install cloneCurrentTreeToIdealTree
13 silly cloneCurrentTree Finishing
14 silly loadShrinkwrap Starting
15 silly install loadShrinkwrap
16 silly loadShrinkwrap Finishing
17 silly loadAllDepsIntoIdealTree Starting
18 silly install loadAllDepsIntoIdealTree
19 silly fetchNamedPackageData ffi
20 silly mapToRegistry name ffi
21 silly mapToRegistry using default registry
22 silly mapToRegistry registry https://registry.npmjs.org/
23 silly mapToRegistry uri https://registry.npmjs.org/ffi
24 verbose request uri https://registry.npmjs.org/ffi
25 verbose request no auth needed
26 info attempt registry request try #1 at 3:00:08 PM
27 verbose request id 11b0abb44cf2a735
28 verbose etag W/"598dbacd-80e1"
29 verbose lastModified Fri, 11 Aug 2017 14:10:21 GMT
30 http request GET https://registry.npmjs.org/ffi
31 http 304 https://registry.npmjs.org/ffi
32 verbose headers { date: 'Sun, 08 Oct 2017 15:00:09 GMT',
32 verbose headers   via: '1.1 varnish',
32 verbose headers   'cache-control': 'max-age=300',
32 verbose headers   etag: 'W/"598dbacd-80e1"',
32 verbose headers   age: '268',
32 verbose headers   connection: 'keep-alive',
32 verbose headers   'x-served-by': 'cache-hkg17928-HKG',
32 verbose headers   'x-cache': 'HIT',
32 verbose headers   'x-cache-hits': '1',
32 verbose headers   'x-timer': 'S1507474809.233615,VS0,VE0',
32 verbose headers   vary: 'Accept-Encoding, Accept' }
33 silly get cb [ 304,
33 silly get   { date: 'Sun, 08 Oct 2017 15:00:09 GMT',
33 silly get     via: '1.1 varnish',
33 silly get     'cache-control': 'max-age=300',
33 silly get     etag: 'W/"598dbacd-80e1"',
33 silly get     age: '268',
33 silly get     connection: 'keep-alive',
33 silly get     'x-served-by': 'cache-hkg17928-HKG',
33 silly get     'x-cache': 'HIT',
33 silly get     'x-cache-hits': '1',
33 silly get     'x-timer': 'S1507474809.233615,VS0,VE0',
33 silly get     vary: 'Accept-Encoding, Accept' } ]
34 verbose etag https://registry.npmjs.org/ffi from cache
35 verbose get saving ffi to /home/ubuntu/.npm/registry.npmjs.org/ffi/.cache.json
36 silly resolveWithNewModule ffi@2.2.0 checking installable status
37 silly cache add args [ 'ffi@^2.2.0', null ]
38 verbose cache add spec ffi@^2.2.0
39 silly cache add parsed spec Result {
39 silly cache add   raw: 'ffi@^2.2.0',
39 silly cache add   scope: null,
39 silly cache add   name: 'ffi',
39 silly cache add   rawSpec: '^2.2.0',
39 silly cache add   spec: '>=2.2.0 <3.0.0',
39 silly cache add   type: 'range' }
40 silly addNamed ffi@>=2.2.0 <3.0.0
41 verbose addNamed ">=2.2.0 <3.0.0" is a valid semver range for ffi
42 silly addNameRange { name: 'ffi', range: '>=2.2.0 <3.0.0', hasData: false }
43 silly mapToRegistry name ffi
44 silly mapToRegistry using default registry
45 silly mapToRegistry registry https://registry.npmjs.org/
46 silly mapToRegistry uri https://registry.npmjs.org/ffi
47 verbose addNameRange registry:https://registry.npmjs.org/ffi not in flight; fetching
48 verbose get https://registry.npmjs.org/ffi not expired, no request
49 silly addNameRange number 2 { name: 'ffi', range: '>=2.2.0 <3.0.0', hasData: true }
50 silly addNameRange versions [ 'ffi',
50 silly addNameRange   [ '1.0.0',
50 silly addNameRange     '1.0.1',
50 silly addNameRange     '1.0.3',
50 silly addNameRange     '1.0.4',
50 silly addNameRange     '1.0.5',
50 silly addNameRange     '1.0.6',
50 silly addNameRange     '1.0.7',
50 silly addNameRange     '1.1.0',
50 silly addNameRange     '1.1.1',
50 silly addNameRange     '1.1.2',
50 silly addNameRange     '1.1.3',
50 silly addNameRange     '1.2.0',
50 silly addNameRange     '1.2.1',
50 silly addNameRange     '1.2.2',
50 silly addNameRange     '1.2.3',
50 silly addNameRange     '1.2.4',
50 silly addNameRange     '1.2.5',
50 silly addNameRange     '1.2.6',
50 silly addNameRange     '1.2.7',
50 silly addNameRange     '1.3.0',
50 silly addNameRange     '1.3.1',
50 silly addNameRange     '1.3.2',
50 silly addNameRange     '2.0.0',
50 silly addNameRange     '2.1.0',
50 silly addNameRange     '2.2.0' ] ]
51 silly addNamed ffi@2.2.0
52 verbose addNamed "2.2.0" is a plain semver version for ffi
53 silly cache afterAdd ffi@2.2.0
54 verbose afterAdd /home/ubuntu/.npm/ffi/2.2.0/package/package.json not in flight; writing
55 verbose afterAdd /home/ubuntu/.npm/ffi/2.2.0/package/package.json written
56 silly loadAllDepsIntoIdealTree Finishing
57 silly idealTree:prePrune iotaproxy@1.0.0
57 silly idealTree:prePrune ├── array-index@1.0.0
57 silly idealTree:prePrune ├── balanced-match@1.0.0
57 silly idealTree:prePrune ├── bindings@1.2.1
57 silly idealTree:prePrune ├── brace-expansion@1.1.8
57 silly idealTree:prePrune ├── browser-stdout@1.3.0
57 silly idealTree:prePrune ├── commander@2.11.0
57 silly idealTree:prePrune ├── concat-map@0.0.1
57 silly idealTree:prePrune ├── d@1.0.0
57 silly idealTree:prePrune ├── debug@2.6.9
57 silly idealTree:prePrune ├── diff@3.3.1
57 silly idealTree:prePrune ├── es5-ext@0.10.30
57 silly idealTree:prePrune ├── es6-iterator@2.0.1
57 silly idealTree:prePrune ├── es6-symbol@3.1.1
57 silly idealTree:prePrune ├── escape-string-regexp@1.0.5
57 silly idealTree:prePrune ├── ffi@2.2.0
57 silly idealTree:prePrune ├── fs-extra@0.23.1
57 silly idealTree:prePrune ├── fs.realpath@1.0.0
57 silly idealTree:prePrune ├── glob@7.1.2
57 silly idealTree:prePrune ├── graceful-fs@4.1.11
57 silly idealTree:prePrune ├── growl@1.10.3
57 silly idealTree:prePrune ├── has-flag@2.0.0
57 silly idealTree:prePrune ├── he@1.1.1
57 silly idealTree:prePrune ├── inflight@1.0.6
57 silly idealTree:prePrune ├── inherits@2.0.3
57 silly idealTree:prePrune ├── jsonfile@2.4.0
57 silly idealTree:prePrune ├── libffi
57 silly idealTree:prePrune ├── minimatch@3.0.4
57 silly idealTree:prePrune ├── minimist@0.0.8
57 silly idealTree:prePrune ├── mkdirp@0.5.1
57 silly idealTree:prePrune ├─┬ mocha@4.0.1
57 silly idealTree:prePrune │ └── debug@3.1.0
57 silly idealTree:prePrune ├── ms@2.0.0
57 silly idealTree:prePrune ├── nan@2.7.0
57 silly idealTree:prePrune ├── once@1.4.0
57 silly idealTree:prePrune ├── path-is-absolute@1.0.1
57 silly idealTree:prePrune ├── ref-array@1.2.0
57 silly idealTree:prePrune ├── ref-struct@1.1.0
57 silly idealTree:prePrune ├── ref@1.3.5
57 silly idealTree:prePrune ├── rimraf@2.6.2
57 silly idealTree:prePrune ├── supports-color@4.4.0
57 silly idealTree:prePrune └── wrappy@1.0.2
58 silly loadIdealTree Finishing
59 silly currentTree iotaproxy@1.0.0
59 silly currentTree ├── array-index@1.0.0
59 silly currentTree ├── balanced-match@1.0.0
59 silly currentTree ├── bindings@1.2.1
59 silly currentTree ├── brace-expansion@1.1.8
59 silly currentTree ├── browser-stdout@1.3.0
59 silly currentTree ├── commander@2.11.0
59 silly currentTree ├── concat-map@0.0.1
59 silly currentTree ├── d@1.0.0
59 silly currentTree ├── debug@2.6.9
59 silly currentTree ├── diff@3.3.1
59 silly currentTree ├── es5-ext@0.10.30
59 silly currentTree ├── es6-iterator@2.0.1
59 silly currentTree ├── es6-symbol@3.1.1
59 silly currentTree ├── escape-string-regexp@1.0.5
59 silly currentTree ├── fs-extra@0.23.1
59 silly currentTree ├── fs.realpath@1.0.0
59 silly currentTree ├── glob@7.1.2
59 silly currentTree ├── graceful-fs@4.1.11
59 silly currentTree ├── growl@1.10.3
59 silly currentTree ├── has-flag@2.0.0
59 silly currentTree ├── he@1.1.1
59 silly currentTree ├── inflight@1.0.6
59 silly currentTree ├── inherits@2.0.3
59 silly currentTree ├── jsonfile@2.4.0
59 silly currentTree ├── libffi
59 silly currentTree ├── minimatch@3.0.4
59 silly currentTree ├── minimist@0.0.8
59 silly currentTree ├── mkdirp@0.5.1
59 silly currentTree ├─┬ mocha@4.0.1
59 silly currentTree │ └── debug@3.1.0
59 silly currentTree ├── ms@2.0.0
59 silly currentTree ├── nan@2.7.0
59 silly currentTree ├── once@1.4.0
59 silly currentTree ├── path-is-absolute@1.0.1
59 silly currentTree ├── ref-array@1.2.0
59 silly currentTree ├── ref-struct@1.1.0
59 silly currentTree ├── ref@1.3.5
59 silly currentTree ├── rimraf@2.6.2
59 silly currentTree ├── supports-color@4.4.0
59 silly currentTree └── wrappy@1.0.2
60 silly idealTree iotaproxy@1.0.0
60 silly idealTree ├── array-index@1.0.0
60 silly idealTree ├── balanced-match@1.0.0
60 silly idealTree ├── bindings@1.2.1
60 silly idealTree ├── brace-expansion@1.1.8
60 silly idealTree ├── browser-stdout@1.3.0
60 silly idealTree ├── commander@2.11.0
60 silly idealTree ├── concat-map@0.0.1
60 silly idealTree ├── d@1.0.0
60 silly idealTree ├── debug@2.6.9
60 silly idealTree ├── diff@3.3.1
60 silly idealTree ├── es5-ext@0.10.30
60 silly idealTree ├── es6-iterator@2.0.1
60 silly idealTree ├── es6-symbol@3.1.1
60 silly idealTree ├── escape-string-regexp@1.0.5
60 silly idealTree ├── ffi@2.2.0
60 silly idealTree ├── fs-extra@0.23.1
60 silly idealTree ├── fs.realpath@1.0.0
60 silly idealTree ├── glob@7.1.2
60 silly idealTree ├── graceful-fs@4.1.11
60 silly idealTree ├── growl@1.10.3
60 silly idealTree ├── has-flag@2.0.0
60 silly idealTree ├── he@1.1.1
60 silly idealTree ├── inflight@1.0.6
60 silly idealTree ├── inherits@2.0.3
60 silly idealTree ├── jsonfile@2.4.0
60 silly idealTree ├── libffi
60 silly idealTree ├── minimatch@3.0.4
60 silly idealTree ├── minimist@0.0.8
60 silly idealTree ├── mkdirp@0.5.1
60 silly idealTree ├─┬ mocha@4.0.1
60 silly idealTree │ └── debug@3.1.0
60 silly idealTree ├── ms@2.0.0
60 silly idealTree ├── nan@2.7.0
60 silly idealTree ├── once@1.4.0
60 silly idealTree ├── path-is-absolute@1.0.1
60 silly idealTree ├── ref-array@1.2.0
60 silly idealTree ├── ref-struct@1.1.0
60 silly idealTree ├── ref@1.3.5
60 silly idealTree ├── rimraf@2.6.2
60 silly idealTree ├── supports-color@4.4.0
60 silly idealTree └── wrappy@1.0.2
61 silly generateActionsToTake Starting
62 silly install generateActionsToTake
63 silly generateActionsToTake Finishing
64 silly diffTrees action count 1
65 silly diffTrees add ffi@2.2.0
66 silly decomposeActions action count 8
67 silly decomposeActions fetch ffi@2.2.0
68 silly decomposeActions extract ffi@2.2.0
69 silly decomposeActions test ffi@2.2.0
70 silly decomposeActions preinstall ffi@2.2.0
71 silly decomposeActions build ffi@2.2.0
72 silly decomposeActions install ffi@2.2.0
73 silly decomposeActions postinstall ffi@2.2.0
74 silly decomposeActions finalize ffi@2.2.0
75 silly executeActions Starting
76 silly install executeActions
77 silly doSerial global-install 0
78 silly doParallel fetch 1
79 verbose lock using /home/ubuntu/.npm/_locks/staging-c714515c57b17753.lock for /home/ubuntu/node-ffi/node_modules/.staging
80 silly doParallel extract 1
81 silly extract ffi@2.2.0
82 verbose unbuild node_modules/.staging/ffi-1584deb9
83 silly gentlyRm /home/ubuntu/node-ffi/node_modules/.staging/ffi-1584deb9 is being purged from base /home/ubuntu/node-ffi
84 verbose gentlyRm don't care about contents; nuking /home/ubuntu/node-ffi/node_modules/.staging/ffi-1584deb9
85 verbose tar unpack /home/ubuntu/.npm/ffi/2.2.0/package.tgz
86 verbose tar unpacking to /home/ubuntu/node-ffi/node_modules/.staging/ffi-1584deb9
87 silly gentlyRm /home/ubuntu/node-ffi/node_modules/.staging/ffi-1584deb9 is being purged
88 verbose gentlyRm don't care about contents; nuking /home/ubuntu/node-ffi/node_modules/.staging/ffi-1584deb9
89 silly gunzTarPerm modes [ '775', '664' ]
90 silly gunzTarPerm extractEntry package.json
91 silly gunzTarPerm modified mode [ 'package.json', 420, 436 ]
92 silly gunzTarPerm extractEntry .npmignore
93 silly gunzTarPerm modified mode [ '.npmignore', 420, 436 ]
94 silly gunzTarPerm extractEntry README.md
95 silly gunzTarPerm modified mode [ 'README.md', 420, 436 ]
96 silly gunzTarPerm extractEntry LICENSE
97 silly gunzTarPerm modified mode [ 'LICENSE', 420, 436 ]
98 silly gunzTarPerm extractEntry binding.gyp
99 silly gunzTarPerm modified mode [ 'binding.gyp', 420, 436 ]
100 silly gunzTarPerm extractEntry .jshintrc
101 silly gunzTarPerm modified mode [ '.jshintrc', 420, 436 ]
102 silly gunzTarPerm extractEntry appveyor.yml
103 silly gunzTarPerm modified mode [ 'appveyor.yml', 420, 436 ]
104 silly gunzTarPerm extractEntry .travis.yml
105 silly gunzTarPerm modified mode [ '.travis.yml', 420, 436 ]
106 silly gunzTarPerm extractEntry deps/libffi/.npmignore
107 silly gunzTarPerm modified mode [ 'deps/libffi/.npmignore', 420, 436 ]
108 silly gunzTarPerm extractEntry deps/libffi/README
109 silly gunzTarPerm modified mode [ 'deps/libffi/README', 420, 436 ]
110 silly gunzTarPerm extractEntry deps/libffi/LICENSE
111 silly gunzTarPerm modified mode [ 'deps/libffi/LICENSE', 420, 436 ]
112 silly gunzTarPerm extractEntry deps/libffi/ChangeLog.libgcj
113 silly gunzTarPerm modified mode [ 'deps/libffi/ChangeLog.libgcj', 420, 436 ]
114 silly gunzTarPerm extractEntry deps/libffi/ChangeLog.v1
115 silly gunzTarPerm modified mode [ 'deps/libffi/ChangeLog.v1', 420, 436 ]
116 silly gunzTarPerm extractEntry deps/libffi/texinfo.tex
117 silly gunzTarPerm modified mode [ 'deps/libffi/texinfo.tex', 420, 436 ]
118 silly gunzTarPerm extractEntry deps/libffi/Makefile.am
119 silly gunzTarPerm modified mode [ 'deps/libffi/Makefile.am', 420, 436 ]
120 silly gunzTarPerm extractEntry deps/libffi/Makefile.in
121 silly gunzTarPerm modified mode [ 'deps/libffi/Makefile.in', 420, 436 ]
122 silly gunzTarPerm extractEntry deps/libffi/ChangeLog.libffi
123 silly gunzTarPerm modified mode [ 'deps/libffi/ChangeLog.libffi', 420, 436 ]
124 silly gunzTarPerm extractEntry deps/libffi/acinclude.m4
125 silly gunzTarPerm modified mode [ 'deps/libffi/acinclude.m4', 420, 436 ]
126 silly gunzTarPerm extractEntry deps/libffi/aclocal.m4
127 silly gunzTarPerm modified mode [ 'deps/libffi/aclocal.m4', 420, 436 ]
128 silly gunzTarPerm extractEntry deps/libffi/closure.c
129 silly gunzTarPerm modified mode [ 'deps/libffi/closure.c', 420, 436 ]
130 silly gunzTarPerm extractEntry deps/libffi/compile
131 silly gunzTarPerm modified mode [ 'deps/libffi/compile', 493, 509 ]
132 silly gunzTarPerm extractEntry deps/libffi/config/README
133 silly gunzTarPerm modified mode [ 'deps/libffi/config/README', 420, 436 ]
134 silly gunzTarPerm extractEntry deps/libffi/config/freebsd/ia32/ffi.h
135 silly gunzTarPerm modified mode [ 'deps/libffi/config/freebsd/ia32/ffi.h', 420, 436 ]
136 silly gunzTarPerm extractEntry deps/libffi/config/freebsd/ia32/fficonfig.h
137 silly gunzTarPerm modified mode [ 'deps/libffi/config/freebsd/ia32/fficonfig.h', 420, 436 ]
138 silly gunzTarPerm extractEntry deps/libffi/config/freebsd/ia32/ffitarget.h
139 silly gunzTarPerm modified mode [ 'deps/libffi/config/freebsd/ia32/ffitarget.h', 420, 436 ]
140 silly gunzTarPerm extractEntry deps/libffi/config/freebsd/x64/ffi.h
141 silly gunzTarPerm modified mode [ 'deps/libffi/config/freebsd/x64/ffi.h', 420, 436 ]
142 silly gunzTarPerm extractEntry deps/libffi/config/freebsd/x64/fficonfig.h
143 silly gunzTarPerm modified mode [ 'deps/libffi/config/freebsd/x64/fficonfig.h', 420, 436 ]
144 silly gunzTarPerm extractEntry deps/libffi/config/freebsd/x64/ffitarget.h
145 silly gunzTarPerm modified mode [ 'deps/libffi/config/freebsd/x64/ffitarget.h', 420, 436 ]
146 silly gunzTarPerm extractEntry deps/libffi/config/linux/arm/ffi.h
147 silly gunzTarPerm modified mode [ 'deps/libffi/config/linux/arm/ffi.h', 420, 436 ]
148 silly gunzTarPerm extractEntry deps/libffi/config/linux/arm/fficonfig.h
149 silly gunzTarPerm modified mode [ 'deps/libffi/config/linux/arm/fficonfig.h', 420, 436 ]
150 silly gunzTarPerm extractEntry deps/libffi/config/linux/arm/ffitarget.h
151 silly gunzTarPerm modified mode [ 'deps/libffi/config/linux/arm/ffitarget.h', 420, 436 ]
152 silly gunzTarPerm extractEntry deps/libffi/config/linux/arm/flags.txt
153 silly gunzTarPerm modified mode [ 'deps/libffi/config/linux/arm/flags.txt', 420, 436 ]
154 silly gunzTarPerm extractEntry deps/libffi/config/linux/ia32/ffi.h
155 silly gunzTarPerm modified mode [ 'deps/libffi/config/linux/ia32/ffi.h', 420, 436 ]
156 silly gunzTarPerm extractEntry deps/libffi/config/linux/ia32/fficonfig.h
157 silly gunzTarPerm modified mode [ 'deps/libffi/config/linux/ia32/fficonfig.h', 420, 436 ]
158 silly gunzTarPerm extractEntry deps/libffi/config/linux/ia32/ffitarget.h
159 silly gunzTarPerm modified mode [ 'deps/libffi/config/linux/ia32/ffitarget.h', 420, 436 ]
160 silly gunzTarPerm extractEntry deps/libffi/config/linux/ia32/flags.txt
161 silly gunzTarPerm modified mode [ 'deps/libffi/config/linux/ia32/flags.txt', 420, 436 ]
162 silly gunzTarPerm extractEntry deps/libffi/config/linux/x64/ffi.h
163 silly gunzTarPerm modified mode [ 'deps/libffi/config/linux/x64/ffi.h', 420, 436 ]
164 silly gunzTarPerm extractEntry deps/libffi/config/linux/x64/fficonfig.h
165 silly gunzTarPerm modified mode [ 'deps/libffi/config/linux/x64/fficonfig.h', 420, 436 ]
166 silly gunzTarPerm extractEntry deps/libffi/config/linux/x64/ffitarget.h
167 silly gunzTarPerm modified mode [ 'deps/libffi/config/linux/x64/ffitarget.h', 420, 436 ]
168 silly gunzTarPerm extractEntry deps/libffi/config/linux/x64/flags.txt
169 silly gunzTarPerm modified mode [ 'deps/libffi/config/linux/x64/flags.txt', 420, 436 ]
170 silly gunzTarPerm extractEntry deps/libffi/config/mac/ia32/ffi.h
171 silly gunzTarPerm modified mode [ 'deps/libffi/config/mac/ia32/ffi.h', 420, 436 ]
172 silly gunzTarPerm extractEntry deps/libffi/config/mac/ia32/fficonfig.h
173 silly gunzTarPerm modified mode [ 'deps/libffi/config/mac/ia32/fficonfig.h', 420, 436 ]
174 silly gunzTarPerm extractEntry deps/libffi/config/mac/ia32/ffitarget.h
175 silly gunzTarPerm modified mode [ 'deps/libffi/config/mac/ia32/ffitarget.h', 420, 436 ]
176 silly gunzTarPerm extractEntry deps/libffi/config/mac/ia32/flags.txt
177 silly gunzTarPerm modified mode [ 'deps/libffi/config/mac/ia32/flags.txt', 420, 436 ]
178 silly gunzTarPerm extractEntry deps/libffi/config/mac/x64/ffi.h
179 silly gunzTarPerm modified mode [ 'deps/libffi/config/mac/x64/ffi.h', 420, 436 ]
180 silly gunzTarPerm extractEntry deps/libffi/config/mac/x64/fficonfig.h
181 silly gunzTarPerm modified mode [ 'deps/libffi/config/mac/x64/fficonfig.h', 420, 436 ]
182 silly gunzTarPerm extractEntry deps/libffi/config/mac/x64/ffitarget.h
183 silly gunzTarPerm modified mode [ 'deps/libffi/config/mac/x64/ffitarget.h', 420, 436 ]
184 silly gunzTarPerm extractEntry deps/libffi/config/mac/x64/flags.txt
185 silly gunzTarPerm modified mode [ 'deps/libffi/config/mac/x64/flags.txt', 420, 436 ]
186 silly gunzTarPerm extractEntry deps/libffi/config/solaris/ia32/ffi.h
187 silly gunzTarPerm modified mode [ 'deps/libffi/config/solaris/ia32/ffi.h', 420, 436 ]
188 silly gunzTarPerm extractEntry deps/libffi/config/solaris/ia32/fficonfig.h
189 silly gunzTarPerm modified mode [ 'deps/libffi/config/solaris/ia32/fficonfig.h', 420, 436 ]
190 silly gunzTarPerm extractEntry deps/libffi/config/solaris/ia32/ffitarget.h
191 silly gunzTarPerm modified mode [ 'deps/libffi/config/solaris/ia32/ffitarget.h', 420, 436 ]
192 silly gunzTarPerm extractEntry deps/libffi/config/solaris/ia32/flags.txt
193 silly gunzTarPerm modified mode [ 'deps/libffi/config/solaris/ia32/flags.txt', 420, 436 ]
194 silly gunzTarPerm extractEntry deps/libffi/config/solaris/x64/ffi.h
195 silly gunzTarPerm modified mode [ 'deps/libffi/config/solaris/x64/ffi.h', 420, 436 ]
196 silly gunzTarPerm extractEntry deps/libffi/config/solaris/x64/fficonfig.h
197 silly gunzTarPerm modified mode [ 'deps/libffi/config/solaris/x64/fficonfig.h', 420, 436 ]
198 silly gunzTarPerm extractEntry deps/libffi/config/solaris/x64/ffitarget.h
199 silly gunzTarPerm modified mode [ 'deps/libffi/config/solaris/x64/ffitarget.h', 420, 436 ]
200 silly gunzTarPerm extractEntry deps/libffi/config/solaris/x64/flags.txt
201 silly gunzTarPerm modified mode [ 'deps/libffi/config/solaris/x64/flags.txt', 420, 436 ]
202 silly gunzTarPerm extractEntry deps/libffi/config/win/ia32/ffi.h
203 silly gunzTarPerm modified mode [ 'deps/libffi/config/win/ia32/ffi.h', 420, 436 ]
204 silly gunzTarPerm extractEntry deps/libffi/config/win/ia32/fficonfig.h
205 silly gunzTarPerm modified mode [ 'deps/libffi/config/win/ia32/fficonfig.h', 420, 436 ]
206 silly gunzTarPerm extractEntry deps/libffi/config/win/ia32/ffitarget.h
207 silly gunzTarPerm modified mode [ 'deps/libffi/config/win/ia32/ffitarget.h', 420, 436 ]
208 silly gunzTarPerm extractEntry deps/libffi/config/win/ia32/flags.txt
209 silly gunzTarPerm modified mode [ 'deps/libffi/config/win/ia32/flags.txt', 420, 436 ]
210 silly gunzTarPerm extractEntry deps/libffi/config/win/x64/ffi.h
211 silly gunzTarPerm modified mode [ 'deps/libffi/config/win/x64/ffi.h', 420, 436 ]
212 silly gunzTarPerm extractEntry deps/libffi/config/win/x64/fficonfig.h
213 silly gunzTarPerm modified mode [ 'deps/libffi/config/win/x64/fficonfig.h', 420, 436 ]
214 silly gunzTarPerm extractEntry deps/libffi/config/win/x64/ffitarget.h
215 silly gunzTarPerm modified mode [ 'deps/libffi/config/win/x64/ffitarget.h', 420, 436 ]
216 silly gunzTarPerm extractEntry deps/libffi/config.guess
217 silly gunzTarPerm modified mode [ 'deps/libffi/config.guess', 493, 509 ]
218 silly gunzTarPerm extractEntry deps/libffi/config.sub
219 silly gunzTarPerm modified mode [ 'deps/libffi/config.sub', 493, 509 ]
220 silly gunzTarPerm extractEntry deps/libffi/configure
221 silly gunzTarPerm modified mode [ 'deps/libffi/configure', 493, 509 ]
222 silly gunzTarPerm extractEntry deps/libffi/configure.ac
223 silly gunzTarPerm modified mode [ 'deps/libffi/configure.ac', 420, 436 ]
224 silly gunzTarPerm extractEntry deps/libffi/configure.host
225 silly gunzTarPerm modified mode [ 'deps/libffi/configure.host', 420, 436 ]
226 silly gunzTarPerm extractEntry deps/libffi/depcomp
227 silly gunzTarPerm modified mode [ 'deps/libffi/depcomp', 493, 509 ]
228 silly gunzTarPerm extractEntry deps/libffi/ChangeLog
229 silly gunzTarPerm modified mode [ 'deps/libffi/ChangeLog', 420, 436 ]
230 silly gunzTarPerm extractEntry deps/libffi/fficonfig.h.in
231 silly gunzTarPerm modified mode [ 'deps/libffi/fficonfig.h.in', 420, 436 ]
232 silly gunzTarPerm extractEntry deps/libffi/generate-ios-source-and-headers.py
233 silly gunzTarPerm modified mode [ 'deps/libffi/generate-ios-source-and-headers.py', 420, 436 ]
234 silly gunzTarPerm extractEntry deps/libffi/generate-osx-source-and-headers.py
235 silly gunzTarPerm modified mode [ 'deps/libffi/generate-osx-source-and-headers.py', 420, 436 ]
236 silly gunzTarPerm extractEntry deps/libffi/include/Makefile.am
237 silly gunzTarPerm modified mode [ 'deps/libffi/include/Makefile.am', 420, 436 ]
238 silly gunzTarPerm extractEntry deps/libffi/include/Makefile.in
239 silly gunzTarPerm modified mode [ 'deps/libffi/include/Makefile.in', 420, 436 ]
240 silly gunzTarPerm extractEntry deps/libffi/include/ffi.h.in
241 silly gunzTarPerm modified mode [ 'deps/libffi/include/ffi.h.in', 420, 436 ]
242 silly gunzTarPerm extractEntry deps/libffi/include/ffi_common.h
243 silly gunzTarPerm modified mode [ 'deps/libffi/include/ffi_common.h', 420, 436 ]
244 silly gunzTarPerm extractEntry deps/libffi/install-sh
245 silly gunzTarPerm modified mode [ 'deps/libffi/install-sh', 493, 509 ]
246 silly gunzTarPerm extractEntry deps/libffi/libffi.gyp
247 silly gunzTarPerm modified mode [ 'deps/libffi/libffi.gyp', 420, 436 ]
248 silly gunzTarPerm extractEntry deps/libffi/libffi.pc.in
249 silly gunzTarPerm modified mode [ 'deps/libffi/libffi.pc.in', 420, 436 ]
250 silly gunzTarPerm extractEntry deps/libffi/libffi.xcodeproj/project.pbxproj
251 silly gunzTarPerm modified mode [ 'deps/libffi/libffi.xcodeproj/project.pbxproj', 420, 436 ]
252 silly gunzTarPerm extractEntry deps/libffi/libtool-version
253 silly gunzTarPerm modified mode [ 'deps/libffi/libtool-version', 420, 436 ]
254 silly gunzTarPerm extractEntry deps/libffi/ltmain.sh
255 silly gunzTarPerm modified mode [ 'deps/libffi/ltmain.sh', 493, 509 ]
256 silly gunzTarPerm extractEntry deps/libffi/m4/ax_gcc_archflag.m4
257 silly gunzTarPerm modified mode [ 'deps/libffi/m4/ax_gcc_archflag.m4', 420, 436 ]
258 silly gunzTarPerm extractEntry deps/libffi/m4/asmcfi.m4
259 silly gunzTarPerm modified mode [ 'deps/libffi/m4/asmcfi.m4', 420, 436 ]
260 silly gunzTarPerm extractEntry deps/libffi/m4/ax_cflags_warn_all.m4
261 silly gunzTarPerm modified mode [ 'deps/libffi/m4/ax_cflags_warn_all.m4', 420, 436 ]
262 silly gunzTarPerm extractEntry deps/libffi/m4/ax_compiler_vendor.m4
263 silly gunzTarPerm modified mode [ 'deps/libffi/m4/ax_compiler_vendor.m4', 420, 436 ]
264 silly gunzTarPerm extractEntry deps/libffi/m4/ax_configure_args.m4
265 silly gunzTarPerm modified mode [ 'deps/libffi/m4/ax_configure_args.m4', 420, 436 ]
266 silly gunzTarPerm extractEntry deps/libffi/m4/ax_enable_builddir.m4
267 silly gunzTarPerm modified mode [ 'deps/libffi/m4/ax_enable_builddir.m4', 420, 436 ]
268 silly gunzTarPerm extractEntry deps/libffi/m4/ax_cc_maxopt.m4
269 silly gunzTarPerm modified mode [ 'deps/libffi/m4/ax_cc_maxopt.m4', 420, 436 ]
270 silly gunzTarPerm extractEntry deps/libffi/m4/ax_gcc_x86_cpuid.m4
271 silly gunzTarPerm modified mode [ 'deps/libffi/m4/ax_gcc_x86_cpuid.m4', 420, 436 ]
272 silly gunzTarPerm extractEntry deps/libffi/m4/libtool.m4
273 silly gunzTarPerm modified mode [ 'deps/libffi/m4/libtool.m4', 420, 436 ]
274 silly gunzTarPerm extractEntry deps/libffi/m4/ltoptions.m4
275 silly gunzTarPerm modified mode [ 'deps/libffi/m4/ltoptions.m4', 420, 436 ]
276 silly gunzTarPerm extractEntry deps/libffi/m4/ltsugar.m4
277 silly gunzTarPerm modified mode [ 'deps/libffi/m4/ltsugar.m4', 420, 436 ]
278 silly gunzTarPerm extractEntry deps/libffi/m4/ltversion.m4
279 silly gunzTarPerm modified mode [ 'deps/libffi/m4/ltversion.m4', 420, 436 ]
280 silly gunzTarPerm extractEntry deps/libffi/m4/lt~obsolete.m4
281 silly gunzTarPerm modified mode [ 'deps/libffi/m4/lt~obsolete.m4', 420, 436 ]
282 silly gunzTarPerm extractEntry deps/libffi/man/Makefile.am
283 silly gunzTarPerm modified mode [ 'deps/libffi/man/Makefile.am', 420, 436 ]
284 silly gunzTarPerm extractEntry deps/libffi/man/Makefile.in
285 silly gunzTarPerm modified mode [ 'deps/libffi/man/Makefile.in', 420, 436 ]
286 silly gunzTarPerm extractEntry deps/libffi/man/ffi.3
287 silly gunzTarPerm modified mode [ 'deps/libffi/man/ffi.3', 420, 436 ]
288 silly gunzTarPerm extractEntry deps/libffi/man/ffi_call.3
289 silly gunzTarPerm modified mode [ 'deps/libffi/man/ffi_call.3', 420, 436 ]
290 silly gunzTarPerm extractEntry deps/libffi/man/ffi_prep_cif.3
291 silly gunzTarPerm modified mode [ 'deps/libffi/man/ffi_prep_cif.3', 420, 436 ]
292 silly gunzTarPerm extractEntry deps/libffi/man/ffi_prep_cif_var.3
293 silly gunzTarPerm modified mode [ 'deps/libffi/man/ffi_prep_cif_var.3', 420, 436 ]
294 silly gunzTarPerm extractEntry deps/libffi/mdate-sh
295 silly gunzTarPerm modified mode [ 'deps/libffi/mdate-sh', 420, 436 ]
296 silly gunzTarPerm extractEntry deps/libffi/missing
297 silly gunzTarPerm modified mode [ 'deps/libffi/missing', 493, 509 ]
298 silly gunzTarPerm extractEntry deps/libffi/msvcc.sh
299 silly gunzTarPerm modified mode [ 'deps/libffi/msvcc.sh', 493, 509 ]
300 silly gunzTarPerm extractEntry deps/libffi/src/mips/ffi.c
301 silly gunzTarPerm modified mode [ 'deps/libffi/src/mips/ffi.c', 420, 436 ]
302 silly gunzTarPerm extractEntry deps/libffi/src/mips/ffitarget.h
303 silly gunzTarPerm modified mode [ 'deps/libffi/src/mips/ffitarget.h', 420, 436 ]
304 silly gunzTarPerm extractEntry deps/libffi/src/mips/n32.S
305 silly gunzTarPerm modified mode [ 'deps/libffi/src/mips/n32.S', 420, 436 ]
306 silly gunzTarPerm extractEntry deps/libffi/src/mips/o32.S
307 silly gunzTarPerm modified mode [ 'deps/libffi/src/mips/o32.S', 420, 436 ]
308 silly gunzTarPerm extractEntry deps/libffi/src/alpha/ffi.c
309 silly gunzTarPerm modified mode [ 'deps/libffi/src/alpha/ffi.c', 420, 436 ]
310 silly gunzTarPerm extractEntry deps/libffi/src/alpha/ffitarget.h
311 silly gunzTarPerm modified mode [ 'deps/libffi/src/alpha/ffitarget.h', 420, 436 ]
312 silly gunzTarPerm extractEntry deps/libffi/src/alpha/osf.S
313 silly gunzTarPerm modified mode [ 'deps/libffi/src/alpha/osf.S', 420, 436 ]
314 silly gunzTarPerm extractEntry deps/libffi/src/avr32/ffi.c
315 silly gunzTarPerm modified mode [ 'deps/libffi/src/avr32/ffi.c', 420, 436 ]
316 silly gunzTarPerm extractEntry deps/libffi/src/avr32/ffitarget.h
317 silly gunzTarPerm modified mode [ 'deps/libffi/src/avr32/ffitarget.h', 420, 436 ]
318 silly gunzTarPerm extractEntry deps/libffi/src/avr32/sysv.S
319 silly gunzTarPerm modified mode [ 'deps/libffi/src/avr32/sysv.S', 420, 436 ]
320 silly gunzTarPerm extractEntry deps/libffi/src/closures.c
321 silly gunzTarPerm modified mode [ 'deps/libffi/src/closures.c', 420, 436 ]
322 silly gunzTarPerm extractEntry deps/libffi/src/cris/ffi.c
323 silly gunzTarPerm modified mode [ 'deps/libffi/src/cris/ffi.c', 420, 436 ]
324 silly gunzTarPerm extractEntry deps/libffi/src/cris/ffitarget.h
325 silly gunzTarPerm modified mode [ 'deps/libffi/src/cris/ffitarget.h', 420, 436 ]
326 silly gunzTarPerm extractEntry deps/libffi/src/cris/sysv.S
327 silly gunzTarPerm modified mode [ 'deps/libffi/src/cris/sysv.S', 420, 436 ]
328 silly gunzTarPerm extractEntry deps/libffi/src/debug.c
329 silly gunzTarPerm modified mode [ 'deps/libffi/src/debug.c', 420, 436 ]
330 silly gunzTarPerm extractEntry deps/libffi/src/dlmalloc.c
331 silly gunzTarPerm modified mode [ 'deps/libffi/src/dlmalloc.c', 420, 436 ]
332 silly gunzTarPerm extractEntry deps/libffi/src/frv/eabi.S
333 silly gunzTarPerm modified mode [ 'deps/libffi/src/frv/eabi.S', 420, 436 ]
334 silly gunzTarPerm extractEntry deps/libffi/src/frv/ffi.c
335 silly gunzTarPerm modified mode [ 'deps/libffi/src/frv/ffi.c', 420, 436 ]
336 silly gunzTarPerm extractEntry deps/libffi/src/frv/ffitarget.h
337 silly gunzTarPerm modified mode [ 'deps/libffi/src/frv/ffitarget.h', 420, 436 ]
338 silly gunzTarPerm extractEntry deps/libffi/src/ia64/ffi.c
339 silly gunzTarPerm modified mode [ 'deps/libffi/src/ia64/ffi.c', 420, 436 ]
340 silly gunzTarPerm extractEntry deps/libffi/src/ia64/ffitarget.h
341 silly gunzTarPerm modified mode [ 'deps/libffi/src/ia64/ffitarget.h', 420, 436 ]
342 silly gunzTarPerm extractEntry deps/libffi/src/ia64/ia64_flags.h
343 silly gunzTarPerm modified mode [ 'deps/libffi/src/ia64/ia64_flags.h', 420, 436 ]
344 silly gunzTarPerm extractEntry deps/libffi/src/ia64/unix.S
345 silly gunzTarPerm modified mode [ 'deps/libffi/src/ia64/unix.S', 420, 436 ]
346 silly gunzTarPerm extractEntry deps/libffi/src/java_raw_api.c
347 silly gunzTarPerm modified mode [ 'deps/libffi/src/java_raw_api.c', 420, 436 ]
348 silly gunzTarPerm extractEntry deps/libffi/src/m32r/ffi.c
349 silly gunzTarPerm modified mode [ 'deps/libffi/src/m32r/ffi.c', 420, 436 ]
350 silly gunzTarPerm extractEntry deps/libffi/src/m32r/ffitarget.h
351 silly gunzTarPerm modified mode [ 'deps/libffi/src/m32r/ffitarget.h', 420, 436 ]
352 silly gunzTarPerm extractEntry deps/libffi/src/m32r/sysv.S
353 silly gunzTarPerm modified mode [ 'deps/libffi/src/m32r/sysv.S', 420, 436 ]
354 silly gunzTarPerm extractEntry deps/libffi/src/m68k/ffi.c
355 silly gunzTarPerm modified mode [ 'deps/libffi/src/m68k/ffi.c', 420, 436 ]
356 silly gunzTarPerm extractEntry deps/libffi/src/m68k/ffitarget.h
357 silly gunzTarPerm modified mode [ 'deps/libffi/src/m68k/ffitarget.h', 420, 436 ]
358 silly gunzTarPerm extractEntry deps/libffi/src/m68k/sysv.S
359 silly gunzTarPerm modified mode [ 'deps/libffi/src/m68k/sysv.S', 420, 436 ]
360 silly gunzTarPerm extractEntry deps/libffi/src/arm/ffi.c
361 silly gunzTarPerm modified mode [ 'deps/libffi/src/arm/ffi.c', 420, 436 ]
362 silly gunzTarPerm extractEntry deps/libffi/src/arm/ffitarget.h
363 silly gunzTarPerm modified mode [ 'deps/libffi/src/arm/ffitarget.h', 420, 436 ]
364 silly gunzTarPerm extractEntry deps/libffi/src/arm/gentramp.sh
365 silly gunzTarPerm modified mode [ 'deps/libffi/src/arm/gentramp.sh', 493, 509 ]
366 silly gunzTarPerm extractEntry deps/libffi/src/arm/sysv.S
367 silly gunzTarPerm modified mode [ 'deps/libffi/src/arm/sysv.S', 420, 436 ]
368 silly gunzTarPerm extractEntry deps/libffi/src/arm/trampoline.S
369 silly gunzTarPerm modified mode [ 'deps/libffi/src/arm/trampoline.S', 420, 436 ]
370 silly gunzTarPerm extractEntry deps/libffi/src/moxie/eabi.S
371 silly gunzTarPerm modified mode [ 'deps/libffi/src/moxie/eabi.S', 420, 436 ]
372 silly gunzTarPerm extractEntry deps/libffi/src/moxie/ffi.c
373 silly gunzTarPerm modified mode [ 'deps/libffi/src/moxie/ffi.c', 420, 436 ]
374 silly gunzTarPerm extractEntry deps/libffi/src/pa/ffi.c
375 silly gunzTarPerm modified mode [ 'deps/libffi/src/pa/ffi.c', 420, 436 ]
376 silly gunzTarPerm extractEntry deps/libffi/src/pa/ffitarget.h
377 silly gunzTarPerm modified mode [ 'deps/libffi/src/pa/ffitarget.h', 420, 436 ]
378 silly gunzTarPerm extractEntry deps/libffi/src/pa/hpux32.S
379 silly gunzTarPerm modified mode [ 'deps/libffi/src/pa/hpux32.S', 420, 436 ]
380 silly gunzTarPerm extractEntry deps/libffi/src/pa/linux.S
381 silly gunzTarPerm modified mode [ 'deps/libffi/src/pa/linux.S', 420, 436 ]
382 silly gunzTarPerm extractEntry deps/libffi/src/powerpc/ffi_darwin.c
383 silly gunzTarPerm modified mode [ 'deps/libffi/src/powerpc/ffi_darwin.c', 420, 436 ]
384 silly gunzTarPerm extractEntry deps/libffi/src/powerpc/aix.S
385 silly gunzTarPerm modified mode [ 'deps/libffi/src/powerpc/aix.S', 420, 436 ]
386 silly gunzTarPerm extractEntry deps/libffi/src/powerpc/asm.h
387 silly gunzTarPerm modified mode [ 'deps/libffi/src/powerpc/asm.h', 420, 436 ]
388 silly gunzTarPerm extractEntry deps/libffi/src/powerpc/darwin.S
389 silly gunzTarPerm modified mode [ 'deps/libffi/src/powerpc/darwin.S', 420, 436 ]
390 silly gunzTarPerm extractEntry deps/libffi/src/powerpc/darwin_closure.S
391 silly gunzTarPerm modified mode [ 'deps/libffi/src/powerpc/darwin_closure.S', 420, 436 ]
392 silly gunzTarPerm extractEntry deps/libffi/src/powerpc/ffi.c
393 silly gunzTarPerm modified mode [ 'deps/libffi/src/powerpc/ffi.c', 420, 436 ]
394 silly gunzTarPerm extractEntry deps/libffi/src/powerpc/aix_closure.S
395 silly gunzTarPerm modified mode [ 'deps/libffi/src/powerpc/aix_closure.S', 420, 436 ]
396 silly gunzTarPerm extractEntry deps/libffi/src/powerpc/ffitarget.h
397 silly gunzTarPerm modified mode [ 'deps/libffi/src/powerpc/ffitarget.h', 420, 436 ]
398 silly gunzTarPerm extractEntry deps/libffi/src/powerpc/linux64.S
399 silly gunzTarPerm modified mode [ 'deps/libffi/src/powerpc/linux64.S', 420, 436 ]
400 silly gunzTarPerm extractEntry deps/libffi/src/powerpc/linux64_closure.S
401 silly gunzTarPerm modified mode [ 'deps/libffi/src/powerpc/linux64_closure.S', 420, 436 ]
402 silly gunzTarPerm extractEntry deps/libffi/src/powerpc/ppc_closure.S
403 silly gunzTarPerm modified mode [ 'deps/libffi/src/powerpc/ppc_closure.S', 420, 436 ]
404 silly gunzTarPerm extractEntry deps/libffi/src/powerpc/sysv.S
405 silly gunzTarPerm modified mode [ 'deps/libffi/src/powerpc/sysv.S', 420, 436 ]
406 silly gunzTarPerm extractEntry deps/libffi/src/prep_cif.c
407 silly gunzTarPerm modified mode [ 'deps/libffi/src/prep_cif.c', 420, 436 ]
408 silly gunzTarPerm extractEntry deps/libffi/src/raw_api.c
409 silly gunzTarPerm modified mode [ 'deps/libffi/src/raw_api.c', 420, 436 ]
410 silly gunzTarPerm extractEntry deps/libffi/src/s390/ffi.c
411 silly gunzTarPerm modified mode [ 'deps/libffi/src/s390/ffi.c', 420, 436 ]
412 silly gunzTarPerm extractEntry deps/libffi/src/s390/ffitarget.h
413 silly gunzTarPerm modified mode [ 'deps/libffi/src/s390/ffitarget.h', 420, 436 ]
414 silly gunzTarPerm extractEntry deps/libffi/src/s390/sysv.S
415 silly gunzTarPerm modified mode [ 'deps/libffi/src/s390/sysv.S', 420, 436 ]
416 silly gunzTarPerm extractEntry deps/libffi/src/sh/ffi.c
417 silly gunzTarPerm modified mode [ 'deps/libffi/src/sh/ffi.c', 420, 436 ]
418 silly gunzTarPerm extractEntry deps/libffi/src/sh/ffitarget.h
419 silly gunzTarPerm modified mode [ 'deps/libffi/src/sh/ffitarget.h', 420, 436 ]
420 silly gunzTarPerm extractEntry deps/libffi/src/sh/sysv.S
421 silly gunzTarPerm modified mode [ 'deps/libffi/src/sh/sysv.S', 420, 436 ]
422 silly gunzTarPerm extractEntry deps/libffi/src/sh64/ffi.c
423 silly gunzTarPerm modified mode [ 'deps/libffi/src/sh64/ffi.c', 420, 436 ]
424 silly gunzTarPerm extractEntry deps/libffi/src/sh64/ffitarget.h
425 silly gunzTarPerm modified mode [ 'deps/libffi/src/sh64/ffitarget.h', 420, 436 ]
426 silly gunzTarPerm extractEntry deps/libffi/src/sh64/sysv.S
427 silly gunzTarPerm modified mode [ 'deps/libffi/src/sh64/sysv.S', 420, 436 ]
428 silly gunzTarPerm extractEntry deps/libffi/src/sparc/ffi.c
429 silly gunzTarPerm modified mode [ 'deps/libffi/src/sparc/ffi.c', 420, 436 ]
430 silly gunzTarPerm extractEntry deps/libffi/src/sparc/ffitarget.h
431 silly gunzTarPerm modified mode [ 'deps/libffi/src/sparc/ffitarget.h', 420, 436 ]
432 silly gunzTarPerm extractEntry deps/libffi/src/sparc/v8.S
433 silly gunzTarPerm modified mode [ 'deps/libffi/src/sparc/v8.S', 420, 436 ]
434 silly gunzTarPerm extractEntry deps/libffi/src/sparc/v9.S
435 silly gunzTarPerm modified mode [ 'deps/libffi/src/sparc/v9.S', 420, 436 ]
436 silly gunzTarPerm extractEntry deps/libffi/src/types.c
437 silly gunzTarPerm modified mode [ 'deps/libffi/src/types.c', 420, 436 ]
438 silly gunzTarPerm extractEntry deps/libffi/src/x86/sysv.S
439 silly gunzTarPerm modified mode [ 'deps/libffi/src/x86/sysv.S', 420, 436 ]
440 silly gunzTarPerm extractEntry deps/libffi/src/x86/darwin.S
441 silly gunzTarPerm modified mode [ 'deps/libffi/src/x86/darwin.S', 420, 436 ]
442 silly gunzTarPerm extractEntry deps/libffi/src/x86/ffi.c
443 silly gunzTarPerm modified mode [ 'deps/libffi/src/x86/ffi.c', 420, 436 ]
444 silly gunzTarPerm extractEntry deps/libffi/src/x86/ffi64.c
445 silly gunzTarPerm modified mode [ 'deps/libffi/src/x86/ffi64.c', 420, 436 ]
446 silly gunzTarPerm extractEntry deps/libffi/src/x86/ffitarget.h
447 silly gunzTarPerm modified mode [ 'deps/libffi/src/x86/ffitarget.h', 420, 436 ]
448 silly gunzTarPerm extractEntry deps/libffi/src/x86/freebsd.S
449 silly gunzTarPerm modified mode [ 'deps/libffi/src/x86/freebsd.S', 420, 436 ]
450 silly gunzTarPerm extractEntry deps/libffi/src/x86/darwin64.S
451 silly gunzTarPerm modified mode [ 'deps/libffi/src/x86/darwin64.S', 420, 436 ]
452 silly gunzTarPerm extractEntry deps/libffi/src/x86/unix64.S
453 silly gunzTarPerm modified mode [ 'deps/libffi/src/x86/unix64.S', 420, 436 ]
454 silly gunzTarPerm extractEntry deps/libffi/src/x86/win32.S
455 silly gunzTarPerm modified mode [ 'deps/libffi/src/x86/win32.S', 420, 436 ]
456 silly gunzTarPerm extractEntry deps/libffi/src/x86/win32.asm
457 silly gunzTarPerm modified mode [ 'deps/libffi/src/x86/win32.asm', 420, 436 ]
458 silly gunzTarPerm extractEntry deps/libffi/src/x86/win64.S
459 silly gunzTarPerm modified mode [ 'deps/libffi/src/x86/win64.S', 420, 436 ]
460 silly gunzTarPerm extractEntry deps/libffi/src/x86/win64.asm
461 silly gunzTarPerm modified mode [ 'deps/libffi/src/x86/win64.asm', 493, 509 ]
462 silly gunzTarPerm extractEntry deps/libffi/test.c
463 silly gunzTarPerm modified mode [ 'deps/libffi/test.c', 420, 436 ]
464 silly gunzTarPerm extractEntry deps/libffi/testsuite/Makefile.am
465 silly gunzTarPerm modified mode [ 'deps/libffi/testsuite/Makefile.am', 420, 436 ]
466 silly gunzTarPerm extractEntry deps/libffi/testsuite/Makefile.in
467 silly gunzTarPerm modified mode [ 'deps/libffi/testsuite/Makefile.in', 420, 436 ]
468 silly gunzTarPerm extractEntry deps/libffi/testsuite/config/default.exp
469 silly gunzTarPerm modified mode [ 'deps/libffi/testsuite/config/default.exp', 420, 436 ]
470 silly gunzTarPerm extractEntry deps/libffi/testsuite/lib/libffi.exp
471 silly gunzTarPerm modified mode [ 'deps/libffi/testsuite/lib/libffi.exp', 420, 436 ]
472 silly gunzTarPerm extractEntry deps/libffi/testsuite/lib/target-libpath.exp
473 silly gunzTarPerm modified mode [ 'deps/libffi/testsuite/lib/target-libpath.exp', 420, 436 ]
474 silly gunzTarPerm extractEntry deps/libffi/testsuite/lib/wrapper.exp
475 silly gunzTarPerm modified mode [ 'deps/libffi/testsuite/lib/wrapper.exp', 420, 436 ]
476 silly gunzTarPerm extractEntry deps/libffi/testsuite/libffi.call/cls_ulonglong.c
477 silly gunzTarPerm modified mode [ 'deps/libffi/testsuite/libffi.call/cls_ulonglong.c', 420, 436 ]
478 silly gunzTarPerm extractEntry deps/libffi/testsuite/libffi.call/call.exp
479 silly gunzTarPerm modified mode [ 'deps/libffi/testsuite/libffi.call/call.exp', 420, 436 ]
480 silly gunzTarPerm extractEntry deps/libffi/testsuite/libffi.call/closure_fn1.c
481 silly gunzTarPerm modified mode [ 'deps/libffi/testsuite/libffi.call/closure_fn1.c', 420, 436 ]
482 silly gunzTarPerm extractEntry deps/libffi/testsuite/libffi.call/closure_fn2.c
483 silly gunzTarPerm modified mode [ 'deps/libffi/testsuite/libffi.call/closure_fn2.c', 420, 436 ]
484 silly gunzTarPerm extractEntry deps/libffi/testsuite/libffi.call/closure_fn3.c
485 silly gunzTarPerm modified mode [ 'deps/libffi/testsuite/libffi.call/closure_fn3.c', 420, 436 ]
486 silly gunzTarPerm extractEntry deps/libffi/testsuite/libffi.call/closure_fn4.c
487 silly gunzTarPerm modified mode [ 'deps/libffi/testsuite/libffi.call/closure_fn4.c', 420, 436 ]
488 silly gunzTarPerm extractEntry deps/libffi/testsuite/libffi.call/closure_fn5.c
489 silly gunzTarPerm modified mode [ 'deps/libffi/testsuite/libffi.call/closure_fn5.c', 420, 436 ]
490 silly gunzTarPerm extractEntry deps/libffi/testsuite/libffi.call/closure_fn6.c
491 silly gunzTarPerm modified mode [ 'deps/libffi/testsuite/libffi.call/closure_fn6.c', 420, 436 ]
492 silly gunzTarPerm extractEntry deps/libffi/testsuite/libffi.call/closure_loc_fn0.c
493 silly gunzTarPerm modified mode [ 'deps/libffi/testsuite/libffi.call/closure_loc_fn0.c',
493 silly gunzTarPerm   420,
493 silly gunzTarPerm   436 ]
494 silly gunzTarPerm extractEntry deps/libffi/testsuite/libffi.call/closure_stdcall.c
495 silly gunzTarPerm modified mode [ 'deps/libffi/testsuite/libffi.call/closure_stdcall.c',
495 silly gunzTarPerm   420,
495 silly gunzTarPerm   436 ]
496 silly gunzTarPerm extractEntry deps/libffi/testsuite/libffi.call/closure_thiscall.c
497 silly gunzTarPerm modified mode [ 'deps/libffi/testsuite/libffi.call/closure_thiscall.c',
497 silly gunzTarPerm   420,
497 silly gunzTarPerm   436 ]
498 silly gunzTarPerm extractEntry deps/libffi/testsuite/libffi.call/cls_12byte.c
499 silly gunzTarPerm modified mode [ 'deps/libffi/testsuite/libffi.call/cls_12byte.c', 420, 436 ]
500 silly gunzTarPerm extractEntry deps/libffi/testsuite/libffi.call/cls_16byte.c
501 silly gunzTarPerm modified mode [ 'deps/libffi/testsuite/libffi.call/cls_16byte.c', 420, 436 ]
502 silly gunzTarPerm extractEntry deps/libffi/testsuite/libffi.call/cls_18byte.c
503 silly gunzTarPerm modified mode [ 'deps/libffi/testsuite/libffi.call/cls_18byte.c', 420, 436 ]
504 silly gunzTarPerm extractEntry deps/libffi/testsuite/libffi.call/cls_19byte.c
505 silly gunzTarPerm modified mode [ 'deps/libffi/testsuite/libffi.call/cls_19byte.c', 420, 436 ]
506 silly gunzTarPerm extractEntry deps/libffi/testsuite/libffi.call/cls_1_1byte.c
507 silly gunzTarPerm modified mode [ 'deps/libffi/testsuite/libffi.call/cls_1_1byte.c', 420, 436 ]
508 silly gunzTarPerm extractEntry deps/libffi/testsuite/libffi.call/cls_20byte.c
509 silly gunzTarPerm modified mode [ 'deps/libffi/testsuite/libffi.call/cls_20byte.c', 420, 436 ]
510 silly gunzTarPerm extractEntry deps/libffi/testsuite/libffi.call/cls_20byte1.c
511 silly gunzTarPerm modified mode [ 'deps/libffi/testsuite/libffi.call/cls_20byte1.c', 420, 436 ]
512 silly gunzTarPerm extractEntry deps/libffi/testsuite/libffi.call/cls_24byte.c
513 silly gunzTarPerm modified mode [ 'deps/libffi/testsuite/libffi.call/cls_24byte.c', 420, 436 ]
514 silly gunzTarPerm extractEntry deps/libffi/testsuite/libffi.call/cls_2byte.c
515 silly gunzTarPerm modified mode [ 'deps/libffi/testsuite/libffi.call/cls_2byte.c', 420, 436 ]
516 silly gunzTarPerm extractEntry deps/libffi/testsuite/libffi.call/cls_3_1byte.c
517 silly gunzTarPerm modified mode [ 'deps/libffi/testsuite/libffi.call/cls_3_1byte.c', 420, 436 ]
518 silly gunzTarPerm extractEntry deps/libffi/testsuite/libffi.call/cls_3byte1.c
519 silly gunzTarPerm modified mode [ 'deps/libffi/testsuite/libffi.call/cls_3byte1.c', 420, 436 ]
520 silly gunzTarPerm extractEntry deps/libffi/testsuite/libffi.call/cls_3byte2.c
521 silly gunzTarPerm modified mode [ 'deps/libffi/testsuite/libffi.call/cls_3byte2.c', 420, 436 ]
522 silly gunzTarPerm extractEntry deps/libffi/testsuite/libffi.call/cls_4_1byte.c
523 silly gunzTarPerm modified mode [ 'deps/libffi/testsuite/libffi.call/cls_4_1byte.c', 420, 436 ]
524 silly gunzTarPerm extractEntry deps/libffi/testsuite/libffi.call/cls_4byte.c
525 silly gunzTarPerm modified mode [ 'deps/libffi/testsuite/libffi.call/cls_4byte.c', 420, 436 ]
526 silly gunzTarPerm extractEntry deps/libffi/testsuite/libffi.call/cls_5_1_byte.c
527 silly gunzTarPerm modified mode [ 'deps/libffi/testsuite/libffi.call/cls_5_1_byte.c', 420, 436 ]
528 silly gunzTarPerm extractEntry deps/libffi/testsuite/libffi.call/cls_5byte.c
529 silly gunzTarPerm modified mode [ 'deps/libffi/testsuite/libffi.call/cls_5byte.c', 420, 436 ]
530 silly gunzTarPerm extractEntry deps/libffi/testsuite/libffi.call/cls_64byte.c
531 silly gunzTarPerm modified mode [ 'deps/libffi/testsuite/libffi.call/cls_64byte.c', 420, 436 ]
532 silly gunzTarPerm extractEntry deps/libffi/testsuite/libffi.call/cls_6_1_byte.c
533 silly gunzTarPerm modified mode [ 'deps/libffi/testsuite/libffi.call/cls_6_1_byte.c', 420, 436 ]
534 silly gunzTarPerm extractEntry deps/libffi/testsuite/libffi.call/cls_6byte.c
535 silly gunzTarPerm modified mode [ 'deps/libffi/testsuite/libffi.call/cls_6byte.c', 420, 436 ]
536 silly gunzTarPerm extractEntry deps/libffi/testsuite/libffi.call/cls_7_1_byte.c
537 silly gunzTarPerm modified mode [ 'deps/libffi/testsuite/libffi.call/cls_7_1_byte.c', 420, 436 ]
538 silly gunzTarPerm extractEntry deps/libffi/testsuite/libffi.call/cls_7byte.c
539 silly gunzTarPerm modified mode [ 'deps/libffi/testsuite/libffi.call/cls_7byte.c', 420, 436 ]
540 silly gunzTarPerm extractEntry deps/libffi/testsuite/libffi.call/cls_8byte.c
541 silly gunzTarPerm modified mode [ 'deps/libffi/testsuite/libffi.call/cls_8byte.c', 420, 436 ]
542 silly gunzTarPerm extractEntry deps/libffi/testsuite/libffi.call/cls_9byte1.c
543 silly gunzTarPerm modified mode [ 'deps/libffi/testsuite/libffi.call/cls_9byte1.c', 420, 436 ]
544 silly gunzTarPerm extractEntry deps/libffi/testsuite/libffi.call/cls_9byte2.c
545 silly gunzTarPerm modified mode [ 'deps/libffi/testsuite/libffi.call/cls_9byte2.c', 420, 436 ]
546 silly gunzTarPerm extractEntry deps/libffi/testsuite/libffi.call/cls_align_double.c
547 silly gunzTarPerm modified mode [ 'deps/libffi/testsuite/libffi.call/cls_align_double.c',
547 silly gunzTarPerm   420,
547 silly gunzTarPerm   436 ]
548 silly gunzTarPerm extractEntry deps/libffi/testsuite/libffi.call/cls_align_float.c
549 silly gunzTarPerm modified mode [ 'deps/libffi/testsuite/libffi.call/cls_align_float.c',
549 silly gunzTarPerm   420,
549 silly gunzTarPerm   436 ]
550 silly gunzTarPerm extractEntry deps/libffi/testsuite/libffi.call/cls_align_longdouble.c
551 silly gunzTarPerm modified mode [ 'deps/libffi/testsuite/libffi.call/cls_align_longdouble.c',
551 silly gunzTarPerm   420,
551 silly gunzTarPerm   436 ]
552 silly gunzTarPerm extractEntry deps/libffi/testsuite/libffi.call/cls_align_longdouble_split.c
553 silly gunzTarPerm modified mode [ 'deps/libffi/testsuite/libffi.call/cls_align_longdouble_split.c',
553 silly gunzTarPerm   420,
553 silly gunzTarPerm   436 ]
554 silly gunzTarPerm extractEntry deps/libffi/testsuite/libffi.call/cls_align_longdouble_split2.c
555 silly gunzTarPerm modified mode [ 'deps/libffi/testsuite/libffi.call/cls_align_longdouble_split2.c',
555 silly gunzTarPerm   420,
555 silly gunzTarPerm   436 ]
556 silly gunzTarPerm extractEntry deps/libffi/testsuite/libffi.call/cls_align_pointer.c
557 silly gunzTarPerm modified mode [ 'deps/libffi/testsuite/libffi.call/cls_align_pointer.c',
557 silly gunzTarPerm   420,
557 silly gunzTarPerm   436 ]
558 silly gunzTarPerm extractEntry deps/libffi/testsuite/libffi.call/cls_align_sint16.c
559 silly gunzTarPerm modified mode [ 'deps/libffi/testsuite/libffi.call/cls_align_sint16.c',
559 silly gunzTarPerm   420,
559 silly gunzTarPerm   436 ]
560 silly gunzTarPerm extractEntry deps/libffi/testsuite/libffi.call/cls_align_sint32.c
561 silly gunzTarPerm modified mode [ 'deps/libffi/testsuite/libffi.call/cls_align_sint32.c',
561 silly gunzTarPerm   420,
561 silly gunzTarPerm   436 ]
562 silly gunzTarPerm extractEntry deps/libffi/testsuite/libffi.call/cls_align_sint64.c
563 silly gunzTarPerm modified mode [ 'deps/libffi/testsuite/libffi.call/cls_align_sint64.c',
563 silly gunzTarPerm   420,
563 silly gunzTarPerm   436 ]
564 silly gunzTarPerm extractEntry deps/libffi/testsuite/libffi.call/cls_align_uint16.c
565 silly gunzTarPerm modified mode [ 'deps/libffi/testsuite/libffi.call/cls_align_uint16.c',
565 silly gunzTarPerm   420,
565 silly gunzTarPerm   436 ]
566 silly gunzTarPerm extractEntry deps/libffi/testsuite/libffi.call/cls_align_uint32.c
567 silly gunzTarPerm modified mode [ 'deps/libffi/testsuite/libffi.call/cls_align_uint32.c',
567 silly gunzTarPerm   420,
567 silly gunzTarPerm   436 ]
568 silly gunzTarPerm extractEntry deps/libffi/testsuite/libffi.call/cls_align_uint64.c
569 silly gunzTarPerm modified mode [ 'deps/libffi/testsuite/libffi.call/cls_align_uint64.c',
569 silly gunzTarPerm   420,
569 silly gunzTarPerm   436 ]
570 silly gunzTarPerm extractEntry deps/libffi/testsuite/libffi.call/cls_dbls_struct.c
571 silly gunzTarPerm modified mode [ 'deps/libffi/testsuite/libffi.call/cls_dbls_struct.c',
571 silly gunzTarPerm   420,
571 silly gunzTarPerm   436 ]
572 silly gunzTarPerm extractEntry deps/libffi/testsuite/libffi.call/cls_double.c
573 silly gunzTarPerm modified mode [ 'deps/libffi/testsuite/libffi.call/cls_double.c', 420, 436 ]
574 silly gunzTarPerm extractEntry deps/libffi/testsuite/libffi.call/cls_double_va.c
575 silly gunzTarPerm modified mode [ 'deps/libffi/testsuite/libffi.call/cls_double_va.c', 420, 436 ]
576 silly gunzTarPerm extractEntry deps/libffi/testsuite/libffi.call/cls_float.c
577 silly gunzTarPerm modified mode [ 'deps/libffi/testsuite/libffi.call/cls_float.c', 420, 436 ]
578 silly gunzTarPerm extractEntry deps/libffi/testsuite/libffi.call/cls_longdouble.c
579 silly gunzTarPerm modified mode [ 'deps/libffi/testsuite/libffi.call/cls_longdouble.c',
579 silly gunzTarPerm   420,
579 silly gunzTarPerm   436 ]
580 silly gunzTarPerm extractEntry deps/libffi/testsuite/libffi.call/cls_longdouble_va.c
581 silly gunzTarPerm modified mode [ 'deps/libffi/testsuite/libffi.call/cls_longdouble_va.c',
581 silly gunzTarPerm   420,
581 silly gunzTarPerm   436 ]
582 silly gunzTarPerm extractEntry deps/libffi/testsuite/libffi.call/cls_multi_schar.c
583 silly gunzTarPerm modified mode [ 'deps/libffi/testsuite/libffi.call/cls_multi_schar.c',
583 silly gunzTarPerm   420,
583 silly gunzTarPerm   436 ]
584 silly gunzTarPerm extractEntry deps/libffi/testsuite/libffi.call/cls_multi_sshort.c
585 silly gunzTarPerm modified mode [ 'deps/libffi/testsuite/libffi.call/cls_multi_sshort.c',
585 silly gunzTarPerm   420,
585 silly gunzTarPerm   436 ]
586 silly gunzTarPerm extractEntry deps/libffi/testsuite/libffi.call/cls_multi_sshortchar.c
587 silly gunzTarPerm modified mode [ 'deps/libffi/testsuite/libffi.call/cls_multi_sshortchar.c',
587 silly gunzTarPerm   420,
587 silly gunzTarPerm   436 ]
588 silly gunzTarPerm extractEntry deps/libffi/testsuite/libffi.call/cls_multi_uchar.c
589 silly gunzTarPerm modified mode [ 'deps/libffi/testsuite/libffi.call/cls_multi_uchar.c',
589 silly gunzTarPerm   420,
589 silly gunzTarPerm   436 ]
590 silly gunzTarPerm extractEntry deps/libffi/testsuite/libffi.call/cls_multi_ushort.c
591 silly gunzTarPerm modified mode [ 'deps/libffi/testsuite/libffi.call/cls_multi_ushort.c',
591 silly gunzTarPerm   420,
591 silly gunzTarPerm   436 ]
592 silly gunzTarPerm extractEntry deps/libffi/testsuite/libffi.call/cls_multi_ushortchar.c
593 silly gunzTarPerm modified mode [ 'deps/libffi/testsuite/libffi.call/cls_multi_ushortchar.c',
593 silly gunzTarPerm   420,
593 silly gunzTarPerm   436 ]
594 silly gunzTarPerm extractEntry deps/libffi/testsuite/libffi.call/cls_pointer.c
595 silly gunzTarPerm modified mode [ 'deps/libffi/testsuite/libffi.call/cls_pointer.c', 420, 436 ]
596 silly gunzTarPerm extractEntry deps/libffi/testsuite/libffi.call/cls_pointer_stack.c
597 silly gunzTarPerm modified mode [ 'deps/libffi/testsuite/libffi.call/cls_pointer_stack.c',
597 silly gunzTarPerm   420,
597 silly gunzTarPerm   436 ]
598 silly gunzTarPerm extractEntry deps/libffi/testsuite/libffi.call/cls_schar.c
599 silly gunzTarPerm modified mode [ 'deps/libffi/testsuite/libffi.call/cls_schar.c', 420, 436 ]
600 silly gunzTarPerm extractEntry deps/libffi/testsuite/libffi.call/cls_sint.c
601 silly gunzTarPerm modified mode [ 'deps/libffi/testsuite/libffi.call/cls_sint.c', 420, 436 ]
602 silly gunzTarPerm extractEntry deps/libffi/testsuite/libffi.call/cls_sshort.c
603 silly gunzTarPerm modified mode [ 'deps/libffi/testsuite/libffi.call/cls_sshort.c', 420, 436 ]
604 silly gunzTarPerm extractEntry deps/libffi/testsuite/libffi.call/cls_uchar.c
605 silly gunzTarPerm modified mode [ 'deps/libffi/testsuite/libffi.call/cls_uchar.c', 420, 436 ]
606 silly gunzTarPerm extractEntry deps/libffi/testsuite/libffi.call/cls_uint.c
607 silly gunzTarPerm modified mode [ 'deps/libffi/testsuite/libffi.call/cls_uint.c', 420, 436 ]
608 silly gunzTarPerm extractEntry deps/libffi/testsuite/libffi.call/closure_fn0.c
609 silly gunzTarPerm modified mode [ 'deps/libffi/testsuite/libffi.call/closure_fn0.c', 420, 436 ]
610 silly gunzTarPerm extractEntry deps/libffi/testsuite/libffi.call/cls_ushort.c
611 silly gunzTarPerm modified mode [ 'deps/libffi/testsuite/libffi.call/cls_ushort.c', 420, 436 ]
612 silly gunzTarPerm extractEntry deps/libffi/testsuite/libffi.call/err_bad_abi.c
613 silly gunzTarPerm modified mode [ 'deps/libffi/testsuite/libffi.call/err_bad_abi.c', 420, 436 ]
614 silly gunzTarPerm extractEntry deps/libffi/testsuite/libffi.call/err_bad_typedef.c
615 silly gunzTarPerm modified mode [ 'deps/libffi/testsuite/libffi.call/err_bad_typedef.c',
615 silly gunzTarPerm   420,
615 silly gunzTarPerm   436 ]
616 silly gunzTarPerm extractEntry deps/libffi/testsuite/libffi.call/fastthis1_win32.c
617 silly gunzTarPerm modified mode [ 'deps/libffi/testsuite/libffi.call/fastthis1_win32.c',
617 silly gunzTarPerm   420,
617 silly gunzTarPerm   436 ]
618 silly gunzTarPerm extractEntry deps/libffi/testsuite/libffi.call/fastthis2_win32.c
619 silly gunzTarPerm modified mode [ 'deps/libffi/testsuite/libffi.call/fastthis2_win32.c',
619 silly gunzTarPerm   420,
619 silly gunzTarPerm   436 ]
620 silly gunzTarPerm extractEntry deps/libffi/testsuite/libffi.call/fastthis3_win32.c
621 silly gunzTarPerm modified mode [ 'deps/libffi/testsuite/libffi.call/fastthis3_win32.c',
621 silly gunzTarPerm   420,
621 silly gunzTarPerm   436 ]
622 silly gunzTarPerm extractEntry deps/libffi/testsuite/libffi.call/ffitest.h
623 silly gunzTarPerm modified mode [ 'deps/libffi/testsuite/libffi.call/ffitest.h', 420, 436 ]
624 silly gunzTarPerm extractEntry deps/libffi/testsuite/libffi.call/float.c
625 silly gunzTarPerm modified mode [ 'deps/libffi/testsuite/libffi.call/float.c', 420, 436 ]
626 silly gunzTarPerm extractEntry deps/libffi/testsuite/libffi.call/float1.c
627 silly gunzTarPerm modified mode [ 'deps/libffi/testsuite/libffi.call/float1.c', 420, 436 ]
628 silly gunzTarPerm extractEntry deps/libffi/testsuite/libffi.call/float2.c
629 silly gunzTarPerm modified mode [ 'deps/libffi/testsuite/libffi.call/float2.c', 420, 436 ]
630 silly gunzTarPerm extractEntry deps/libffi/testsuite/libffi.call/float3.c
631 silly gunzTarPerm modified mode [ 'deps/libffi/testsuite/libffi.call/float3.c', 420, 436 ]
632 silly gunzTarPerm extractEntry deps/libffi/testsuite/libffi.call/float4.c
633 silly gunzTarPerm modified mode [ 'deps/libffi/testsuite/libffi.call/float4.c', 420, 436 ]
634 silly gunzTarPerm extractEntry deps/libffi/testsuite/libffi.call/float_va.c
635 silly gunzTarPerm modified mode [ 'deps/libffi/testsuite/libffi.call/float_va.c', 420, 436 ]
636 silly gunzTarPerm extractEntry deps/libffi/testsuite/libffi.call/huge_struct.c
637 silly gunzTarPerm modified mode [ 'deps/libffi/testsuite/libffi.call/huge_struct.c', 420, 436 ]
638 silly gunzTarPerm extractEntry deps/libffi/testsuite/libffi.call/many.c
639 silly gunzTarPerm modified mode [ 'deps/libffi/testsuite/libffi.call/many.c', 420, 436 ]
640 silly gunzTarPerm extractEntry deps/libffi/testsuite/libffi.call/many2.c
641 silly gunzTarPerm modified mode [ 'deps/libffi/testsuite/libffi.call/many2.c', 420, 436 ]
642 silly gunzTarPerm extractEntry deps/libffi/testsuite/libffi.call/many2_win32.c
643 silly gunzTarPerm modified mode [ 'deps/libffi/testsuite/libffi.call/many2_win32.c', 420, 436 ]
644 silly gunzTarPerm extractEntry deps/libffi/testsuite/libffi.call/many_win32.c
645 silly gunzTarPerm modified mode [ 'deps/libffi/testsuite/libffi.call/many_win32.c', 420, 436 ]
646 silly gunzTarPerm extractEntry deps/libffi/testsuite/libffi.call/negint.c
647 silly gunzTarPerm modified mode [ 'deps/libffi/testsuite/libffi.call/negint.c', 420, 436 ]
648 silly gunzTarPerm extractEntry deps/libffi/testsuite/libffi.call/nested_struct.c
649 silly gunzTarPerm modified mode [ 'deps/libffi/testsuite/libffi.call/nested_struct.c', 420, 436 ]
650 silly gunzTarPerm extractEntry deps/libffi/testsuite/libffi.call/nested_struct1.c
651 silly gunzTarPerm modified mode [ 'deps/libffi/testsuite/libffi.call/nested_struct1.c',
651 silly gunzTarPerm   420,
651 silly gunzTarPerm   436 ]
652 silly gunzTarPerm extractEntry deps/libffi/testsuite/libffi.call/nested_struct10.c
653 silly gunzTarPerm modified mode [ 'deps/libffi/testsuite/libffi.call/nested_struct10.c',
653 silly gunzTarPerm   420,
653 silly gunzTarPerm   436 ]
654 silly gunzTarPerm extractEntry deps/libffi/testsuite/libffi.call/nested_struct2.c
655 silly gunzTarPerm modified mode [ 'deps/libffi/testsuite/libffi.call/nested_struct2.c',
655 silly gunzTarPerm   420,
655 silly gunzTarPerm   436 ]
656 silly gunzTarPerm extractEntry deps/libffi/testsuite/libffi.call/nested_struct3.c
657 silly gunzTarPerm modified mode [ 'deps/libffi/testsuite/libffi.call/nested_struct3.c',
657 silly gunzTarPerm   420,
657 silly gunzTarPerm   436 ]
658 silly gunzTarPerm extractEntry deps/libffi/testsuite/libffi.call/nested_struct4.c
659 silly gunzTarPerm modified mode [ 'deps/libffi/testsuite/libffi.call/nested_struct4.c',
659 silly gunzTarPerm   420,
659 silly gunzTarPerm   436 ]
660 silly gunzTarPerm extractEntry deps/libffi/testsuite/libffi.call/nested_struct5.c
661 silly gunzTarPerm modified mode [ 'deps/libffi/testsuite/libffi.call/nested_struct5.c',
661 silly gunzTarPerm   420,
661 silly gunzTarPerm   436 ]
662 silly gunzTarPerm extractEntry deps/libffi/testsuite/libffi.call/nested_struct6.c
663 silly gunzTarPerm modified mode [ 'deps/libffi/testsuite/libffi.call/nested_struct6.c',
663 silly gunzTarPerm   420,
663 silly gunzTarPerm   436 ]
664 silly gunzTarPerm extractEntry deps/libffi/testsuite/libffi.call/nested_struct7.c
665 silly gunzTarPerm modified mode [ 'deps/libffi/testsuite/libffi.call/nested_struct7.c',
665 silly gunzTarPerm   420,
665 silly gunzTarPerm   436 ]
666 silly gunzTarPerm extractEntry deps/libffi/testsuite/libffi.call/nested_struct8.c
667 silly gunzTarPerm modified mode [ 'deps/libffi/testsuite/libffi.call/nested_struct8.c',
667 silly gunzTarPerm   420,
667 silly gunzTarPerm   436 ]
668 silly gunzTarPerm extractEntry deps/libffi/testsuite/libffi.call/nested_struct9.c
669 silly gunzTarPerm modified mode [ 'deps/libffi/testsuite/libffi.call/nested_struct9.c',
669 silly gunzTarPerm   420,
669 silly gunzTarPerm   436 ]
670 silly gunzTarPerm extractEntry deps/libffi/testsuite/libffi.call/problem1.c
671 silly gunzTarPerm modified mode [ 'deps/libffi/testsuite/libffi.call/problem1.c', 420, 436 ]
672 silly gunzTarPerm extractEntry deps/libffi/testsuite/libffi.call/promotion.c
673 silly gunzTarPerm modified mode [ 'deps/libffi/testsuite/libffi.call/promotion.c', 420, 436 ]
674 silly gunzTarPerm extractEntry deps/libffi/testsuite/libffi.call/pyobjc-tc.c
675 silly gunzTarPerm modified mode [ 'deps/libffi/testsuite/libffi.call/pyobjc-tc.c', 420, 436 ]
676 silly gunzTarPerm extractEntry deps/libffi/testsuite/libffi.call/return_dbl.c
677 silly gunzTarPerm modified mode [ 'deps/libffi/testsuite/libffi.call/return_dbl.c', 420, 436 ]
678 silly gunzTarPerm extractEntry deps/libffi/testsuite/libffi.call/return_dbl1.c
679 silly gunzTarPerm modified mode [ 'deps/libffi/testsuite/libffi.call/return_dbl1.c', 420, 436 ]
680 silly gunzTarPerm extractEntry deps/libffi/testsuite/libffi.call/return_dbl2.c
681 silly gunzTarPerm modified mode [ 'deps/libffi/testsuite/libffi.call/return_dbl2.c', 420, 436 ]
682 silly gunzTarPerm extractEntry deps/libffi/testsuite/libffi.call/return_fl.c
683 silly gunzTarPerm modified mode [ 'deps/libffi/testsuite/libffi.call/return_fl.c', 420, 436 ]
684 silly gunzTarPerm extractEntry deps/libffi/testsuite/libffi.call/return_fl1.c
685 silly gunzTarPerm modified mode [ 'deps/libffi/testsuite/libffi.call/return_fl1.c', 420, 436 ]
686 silly gunzTarPerm extractEntry deps/libffi/testsuite/libffi.call/return_fl2.c
687 silly gunzTarPerm modified mode [ 'deps/libffi/testsuite/libffi.call/return_fl2.c', 420, 436 ]
688 silly gunzTarPerm extractEntry deps/libffi/testsuite/libffi.call/return_fl3.c
689 silly gunzTarPerm modified mode [ 'deps/libffi/testsuite/libffi.call/return_fl3.c', 420, 436 ]
690 silly gunzTarPerm extractEntry deps/libffi/testsuite/libffi.call/return_ldl.c
691 silly gunzTarPerm modified mode [ 'deps/libffi/testsuite/libffi.call/return_ldl.c', 420, 436 ]
692 silly gunzTarPerm extractEntry deps/libffi/testsuite/libffi.call/return_ll.c
693 silly gunzTarPerm modified mode [ 'deps/libffi/testsuite/libffi.call/return_ll.c', 420, 436 ]
694 silly gunzTarPerm extractEntry deps/libffi/testsuite/libffi.call/return_ll1.c
695 silly gunzTarPerm modified mode [ 'deps/libffi/testsuite/libffi.call/return_ll1.c', 420, 436 ]
696 silly gunzTarPerm extractEntry deps/libffi/testsuite/libffi.call/return_sc.c
697 silly gunzTarPerm modified mode [ 'deps/libffi/testsuite/libffi.call/return_sc.c', 420, 436 ]
698 silly gunzTarPerm extractEntry deps/libffi/testsuite/libffi.call/return_sl.c
699 silly gunzTarPerm modified mode [ 'deps/libffi/testsuite/libffi.call/return_sl.c', 420, 436 ]
700 silly gunzTarPerm extractEntry deps/libffi/testsuite/libffi.call/return_uc.c
701 silly gunzTarPerm modified mode [ 'deps/libffi/testsuite/libffi.call/return_uc.c', 420, 436 ]
702 silly gunzTarPerm extractEntry deps/libffi/testsuite/libffi.call/return_ul.c
703 silly gunzTarPerm modified mode [ 'deps/libffi/testsuite/libffi.call/return_ul.c', 420, 436 ]
704 silly gunzTarPerm extractEntry deps/libffi/testsuite/libffi.call/stret_large.c
705 silly gunzTarPerm modified mode [ 'deps/libffi/testsuite/libffi.call/stret_large.c', 420, 436 ]
706 silly gunzTarPerm extractEntry deps/libffi/testsuite/libffi.call/stret_large2.c
707 silly gunzTarPerm modified mode [ 'deps/libffi/testsuite/libffi.call/stret_large2.c', 420, 436 ]
708 silly gunzTarPerm extractEntry deps/libffi/testsuite/libffi.call/stret_medium.c
709 silly gunzTarPerm modified mode [ 'deps/libffi/testsuite/libffi.call/stret_medium.c', 420, 436 ]
710 silly gunzTarPerm extractEntry deps/libffi/testsuite/libffi.call/stret_medium2.c
711 silly gunzTarPerm modified mode [ 'deps/libffi/testsuite/libffi.call/stret_medium2.c', 420, 436 ]
712 silly gunzTarPerm extractEntry deps/libffi/testsuite/libffi.call/strlen.c
713 silly gunzTarPerm modified mode [ 'deps/libffi/testsuite/libffi.call/strlen.c', 420, 436 ]
714 silly gunzTarPerm extractEntry deps/libffi/testsuite/libffi.call/strlen2_win32.c
715 silly gunzTarPerm modified mode [ 'deps/libffi/testsuite/libffi.call/strlen2_win32.c', 420, 436 ]
716 silly gunzTarPerm extractEntry deps/libffi/testsuite/libffi.call/strlen_win32.c
717 silly gunzTarPerm modified mode [ 'deps/libffi/testsuite/libffi.call/strlen_win32.c', 420, 436 ]
718 silly gunzTarPerm extractEntry deps/libffi/testsuite/libffi.call/struct1.c
719 silly gunzTarPerm modified mode [ 'deps/libffi/testsuite/libffi.call/struct1.c', 420, 436 ]
720 silly gunzTarPerm extractEntry deps/libffi/testsuite/libffi.call/struct1_win32.c
721 silly gunzTarPerm modified mode [ 'deps/libffi/testsuite/libffi.call/struct1_win32.c', 420, 436 ]
722 silly gunzTarPerm extractEntry deps/libffi/testsuite/libffi.call/struct2.c
723 silly gunzTarPerm modified mode [ 'deps/libffi/testsuite/libffi.call/struct2.c', 420, 436 ]
724 silly gunzTarPerm extractEntry deps/libffi/testsuite/libffi.call/struct2_win32.c
725 silly gunzTarPerm modified mode [ 'deps/libffi/testsuite/libffi.call/struct2_win32.c', 420, 436 ]
726 silly gunzTarPerm extractEntry deps/libffi/testsuite/libffi.call/struct3.c
727 silly gunzTarPerm modified mode [ 'deps/libffi/testsuite/libffi.call/struct3.c', 420, 436 ]
728 silly gunzTarPerm extractEntry deps/libffi/testsuite/libffi.call/struct4.c
729 silly gunzTarPerm modified mode [ 'deps/libffi/testsuite/libffi.call/struct4.c', 420, 436 ]
730 silly gunzTarPerm extractEntry deps/libffi/testsuite/libffi.call/struct5.c
731 silly gunzTarPerm modified mode [ 'deps/libffi/testsuite/libffi.call/struct5.c', 420, 436 ]
732 silly gunzTarPerm extractEntry deps/libffi/testsuite/libffi.call/struct6.c
733 silly gunzTarPerm modified mode [ 'deps/libffi/testsuite/libffi.call/struct6.c', 420, 436 ]
734 silly gunzTarPerm extractEntry deps/libffi/testsuite/libffi.call/struct7.c
735 silly gunzTarPerm modified mode [ 'deps/libffi/testsuite/libffi.call/struct7.c', 420, 436 ]
736 silly gunzTarPerm extractEntry deps/libffi/testsuite/libffi.call/struct8.c
737 silly gunzTarPerm modified mode [ 'deps/libffi/testsuite/libffi.call/struct8.c', 420, 436 ]
738 silly gunzTarPerm extractEntry deps/libffi/testsuite/libffi.call/struct9.c
739 silly gunzTarPerm modified mode [ 'deps/libffi/testsuite/libffi.call/struct9.c', 420, 436 ]
740 silly gunzTarPerm extractEntry deps/libffi/testsuite/libffi.call/testclosure.c
741 silly gunzTarPerm modified mode [ 'deps/libffi/testsuite/libffi.call/testclosure.c', 420, 436 ]
742 silly gunzTarPerm extractEntry deps/libffi/testsuite/libffi.special/ffitestcxx.h
743 silly gunzTarPerm modified mode [ 'deps/libffi/testsuite/libffi.special/ffitestcxx.h', 420, 436 ]
744 silly gunzTarPerm extractEntry deps/libffi/testsuite/libffi.special/special.exp
745 silly gunzTarPerm modified mode [ 'deps/libffi/testsuite/libffi.special/special.exp', 420, 436 ]
746 silly gunzTarPerm extractEntry deps/libffi/testsuite/libffi.special/unwindtest.cc
747 silly gunzTarPerm modified mode [ 'deps/libffi/testsuite/libffi.special/unwindtest.cc',
747 silly gunzTarPerm   420,
747 silly gunzTarPerm   436 ]
748 silly gunzTarPerm extractEntry deps/libffi/testsuite/libffi.special/unwindtest_ffi_call.cc
749 silly gunzTarPerm modified mode [ 'deps/libffi/testsuite/libffi.special/unwindtest_ffi_call.cc',
749 silly gunzTarPerm   420,
749 silly gunzTarPerm   436 ]
750 silly gunzTarPerm extractEntry deps/libffi/doc/libffi.info
751 silly gunzTarPerm modified mode [ 'deps/libffi/doc/libffi.info', 420, 436 ]
752 silly gunzTarPerm extractEntry deps/libffi/doc/libffi.texi
753 silly gunzTarPerm modified mode [ 'deps/libffi/doc/libffi.texi', 420, 436 ]
754 silly gunzTarPerm extractEntry deps/libffi/doc/stamp-vti
755 silly gunzTarPerm modified mode [ 'deps/libffi/doc/stamp-vti', 420, 436 ]
756 silly gunzTarPerm extractEntry deps/libffi/doc/version.texi
757 silly gunzTarPerm modified mode [ 'deps/libffi/doc/version.texi', 420, 436 ]
758 silly gunzTarPerm extractEntry example/abs.js
759 silly gunzTarPerm modified mode [ 'example/abs.js', 420, 436 ]
760 silly gunzTarPerm extractEntry example/sqlite.js
761 silly gunzTarPerm modified mode [ 'example/sqlite.js', 420, 436 ]
762 silly gunzTarPerm extractEntry example/factorial/README.md
763 silly gunzTarPerm modified mode [ 'example/factorial/README.md', 420, 436 ]
764 silly gunzTarPerm extractEntry example/factorial/factorial.js
765 silly gunzTarPerm modified mode [ 'example/factorial/factorial.js', 420, 436 ]
766 silly gunzTarPerm extractEntry example/factorial/factorial.c
767 silly gunzTarPerm modified mode [ 'example/factorial/factorial.c', 420, 436 ]
768 silly gunzTarPerm extractEntry lib/_foreign_function.js
769 silly gunzTarPerm modified mode [ 'lib/_foreign_function.js', 420, 436 ]
770 silly gunzTarPerm extractEntry lib/cif.js
771 silly gunzTarPerm modified mode [ 'lib/cif.js', 420, 436 ]
772 silly gunzTarPerm extractEntry lib/cif_var.js
773 silly gunzTarPerm modified mode [ 'lib/cif_var.js', 420, 436 ]
774 silly gunzTarPerm extractEntry lib/dynamic_library.js
775 silly gunzTarPerm modified mode [ 'lib/dynamic_library.js', 420, 436 ]
776 silly gunzTarPerm extractEntry lib/callback.js
777 silly gunzTarPerm modified mode [ 'lib/callback.js', 420, 436 ]
778 silly gunzTarPerm extractEntry lib/ffi.js
779 silly gunzTarPerm modified mode [ 'lib/ffi.js', 420, 436 ]
780 silly gunzTarPerm extractEntry lib/foreign_function.js
781 silly gunzTarPerm modified mode [ 'lib/foreign_function.js', 420, 436 ]
782 silly gunzTarPerm extractEntry lib/foreign_function_var.js
783 silly gunzTarPerm modified mode [ 'lib/foreign_function_var.js', 420, 436 ]
784 silly gunzTarPerm extractEntry lib/function.js
785 silly gunzTarPerm modified mode [ 'lib/function.js', 420, 436 ]
786 silly gunzTarPerm extractEntry lib/library.js
787 silly gunzTarPerm modified mode [ 'lib/library.js', 420, 436 ]
788 silly gunzTarPerm extractEntry lib/bindings.js
789 silly gunzTarPerm modified mode [ 'lib/bindings.js', 420, 436 ]
790 silly gunzTarPerm extractEntry lib/type.js
791 silly gunzTarPerm modified mode [ 'lib/type.js', 420, 436 ]
792 silly gunzTarPerm extractEntry lib/errno.js
793 silly gunzTarPerm modified mode [ 'lib/errno.js', 420, 436 ]
794 silly gunzTarPerm extractEntry src/callback_info.cc
795 silly gunzTarPerm modified mode [ 'src/callback_info.cc', 420, 436 ]
796 silly gunzTarPerm extractEntry src/ffi.cc
797 silly gunzTarPerm modified mode [ 'src/ffi.cc', 420, 436 ]
798 silly gunzTarPerm extractEntry src/ffi.h
799 silly gunzTarPerm modified mode [ 'src/ffi.h', 420, 436 ]
800 silly gunzTarPerm extractEntry src/threaded_callback_invokation.cc
801 silly gunzTarPerm modified mode [ 'src/threaded_callback_invokation.cc', 420, 436 ]
802 silly gunzTarPerm extractEntry src/win32-dlfcn.cc
803 silly gunzTarPerm modified mode [ 'src/win32-dlfcn.cc', 420, 436 ]
804 silly gunzTarPerm extractEntry src/win32-dlfcn.h
805 silly gunzTarPerm modified mode [ 'src/win32-dlfcn.h', 420, 436 ]
806 silly gunzTarPerm extractEntry CHANGELOG.md
807 silly gunzTarPerm modified mode [ 'CHANGELOG.md', 420, 436 ]
808 silly gunzTarPerm extractEntry test/variadic.js
809 silly gunzTarPerm modified mode [ 'test/variadic.js', 420, 436 ]
810 silly gunzTarPerm extractEntry test/cif.js
811 silly gunzTarPerm modified mode [ 'test/cif.js', 420, 436 ]
812 silly gunzTarPerm extractEntry test/dynamic_library.js
813 silly gunzTarPerm modified mode [ 'test/dynamic_library.js', 420, 436 ]
814 silly gunzTarPerm extractEntry test/errno.js
815 silly gunzTarPerm modified mode [ 'test/errno.js', 420, 436 ]
816 silly gunzTarPerm extractEntry test/types.js
817 silly gunzTarPerm modified mode [ 'test/types.js', 420, 436 ]
818 silly gunzTarPerm extractEntry test/callback.js
819 silly gunzTarPerm modified mode [ 'test/callback.js', 420, 436 ]
820 silly gunzTarPerm extractEntry test/function.js
821 silly gunzTarPerm modified mode [ 'test/function.js', 420, 436 ]
822 silly gunzTarPerm extractEntry test/library.js
823 silly gunzTarPerm modified mode [ 'test/library.js', 420, 436 ]
824 silly gunzTarPerm extractEntry test/objc.js
825 silly gunzTarPerm modified mode [ 'test/objc.js', 420, 436 ]
826 silly gunzTarPerm extractEntry test/foreign_function.js
827 silly gunzTarPerm modified mode [ 'test/foreign_function.js', 420, 436 ]
828 silly gunzTarPerm extractEntry test/ffi_tests.cc
829 silly gunzTarPerm modified mode [ 'test/ffi_tests.cc', 420, 436 ]
830 silly gunzTarPerm extractEntry test/binding.gyp
831 silly gunzTarPerm modified mode [ 'test/binding.gyp', 420, 436 ]
832 silly gentlyRm /home/ubuntu/node-ffi/node_modules/.staging/ffi-1584deb9/node_modules is being purged
833 verbose gentlyRm don't care about contents; nuking /home/ubuntu/node-ffi/node_modules/.staging/ffi-1584deb9/node_modules
834 silly doParallel preinstall 1
835 silly preinstall ffi@2.2.0 /home/ubuntu/node-ffi/node_modules/.staging/ffi-1584deb9
836 info lifecycle ffi@2.2.0~preinstall: ffi@2.2.0
837 silly lifecycle ffi@2.2.0~preinstall: no script for preinstall, continuing
838 silly doReverseSerial remove 0
839 silly doSerial move 0
840 silly doSerial finalize 1
841 silly finalize /home/ubuntu/node-ffi/node_modules/ffi
842 silly doSerial build 1
843 silly build ffi@2.2.0
844 info linkStuff ffi@2.2.0
845 silly linkStuff ffi@2.2.0 has /home/ubuntu/node-ffi/node_modules as its parent node_modules
846 verbose linkBins ffi@2.2.0
847 verbose linkMans ffi@2.2.0
848 silly doSerial global-link 0
849 silly doParallel update-linked 0
850 silly doSerial install 1
851 silly install ffi@2.2.0 /home/ubuntu/node-ffi/node_modules/.staging/ffi-1584deb9
852 info lifecycle ffi@2.2.0~install: ffi@2.2.0
853 verbose lifecycle ffi@2.2.0~install: unsafe-perm in lifecycle true
854 verbose lifecycle ffi@2.2.0~install: PATH: /usr/share/npm/bin/node-gyp-bin:/home/ubuntu/node-ffi/node_modules/ffi/node_modules/.bin:/home/ubuntu/node-ffi/node_modules/.bin:/usr/local/sbin:/usr/local/bin:/usr/sbin:/usr/bin:/sbin:/bin:/usr/games:/usr/local/games:/snap/bin
855 verbose lifecycle ffi@2.2.0~install: CWD: /home/ubuntu/node-ffi/node_modules/ffi
856 silly lifecycle ffi@2.2.0~install: Args: [ '-c', 'node-gyp rebuild' ]
857 silly lifecycle ffi@2.2.0~install: Returned: code: 1  signal: null
858 info lifecycle ffi@2.2.0~install: Failed to exec install script
859 verbose unlock done using /home/ubuntu/.npm/_locks/staging-c714515c57b17753.lock for /home/ubuntu/node-ffi/node_modules/.staging
860 silly rollbackFailedOptional Starting
861 silly rollbackFailedOptional Finishing
862 silly runTopLevelLifecycles Starting
863 silly runTopLevelLifecycles Finishing
864 silly install printInstalled
865 warn enoent ENOENT: no such file or directory, open '/home/ubuntu/node-ffi/deps/libffi/package.json'
866 warn iotaproxy@1.0.0 No repository field.
867 verbose stack Error: ffi@2.2.0 install: `node-gyp rebuild`
867 verbose stack Exit status 1
867 verbose stack     at EventEmitter.<anonymous> (/usr/share/npm/lib/utils/lifecycle.js:232:16)
867 verbose stack     at emitTwo (events.js:87:13)
867 verbose stack     at EventEmitter.emit (events.js:172:7)
867 verbose stack     at ChildProcess.<anonymous> (/usr/share/npm/lib/utils/spawn.js:24:14)
867 verbose stack     at emitTwo (events.js:87:13)
867 verbose stack     at ChildProcess.emit (events.js:172:7)
867 verbose stack     at maybeClose (internal/child_process.js:854:16)
867 verbose stack     at Process.ChildProcess._handle.onexit (internal/child_process.js:222:5)
868 verbose pkgid ffi@2.2.0
869 verbose cwd /home/ubuntu/node-ffi
870 error Linux 4.10.0-36-generic
871 error argv "/usr/bin/nodejs" "/usr/bin/npm" "install"
872 error node v4.7.2
873 error npm  v3.5.2
874 error code ELIFECYCLE
875 error ffi@2.2.0 install: `node-gyp rebuild`
875 error Exit status 1
876 error Failed at the ffi@2.2.0 install script 'node-gyp rebuild'.
876 error Make sure you have the latest version of node.js and npm installed.
876 error If you do, this is most likely a problem with the ffi package,
876 error not with npm itself.
876 error Tell the author that this fails on your system:
876 error     node-gyp rebuild
876 error You can get information on how to open an issue for this project with:
876 error     npm bugs ffi
876 error Or if that isn't available, you can get their info via:
876 error     npm owner ls ffi
876 error There is likely additional logging output above.
877 verbose exit [ 1, true ]
